<?xml version="1.0" encoding="UTF-8"?>
<!-- Generated by org.testng.reporters.JUnitXMLReporter -->
<testsuite ignored="0" hostname="DESKTOP-QM3NAMO" failures="0" tests="3" name="Test" time="0.088" errors="0" timestamp="2024-05-08T17:26:57 IST">
  <testcase classname="TestNGDemo.TestNGDemo.TestNGParameterDemo" name="add" time="0.012"/>
  <testcase classname="TestNGDemo.TestNGDemo.TestNGParameterDemo" name="multi" time="0.002"/>
  <testcase classname="TestNGDemo.TestNGDemo.TestNGParameterDemo" name="sub" time="0.002"/>
</testsuite> <!-- Test -->
