<?xml version="1.0" encoding="UTF-8"?>
<!-- Generated by org.testng.reporters.JUnitXMLReporter -->
<testsuite ignored="0" hostname="DESKTOP-QM3NAMO" failures="0" tests="4" name="CurrentAccount" time="0.257" errors="0" timestamp="2024-05-06T16:51:26 IST">
  <testcase classname="TestNGDemo.TestNGDemo.CurrentAccountTestClass1" name="test1" time="0.02"/>
  <testcase classname="TestNGDemo.TestNGDemo.CurrentAccountTestClass1" name="test2" time="0.01"/>
  <testcase classname="TestNGDemo.TestNGDemo.CurrentAccountTestClass2" name="test1" time="0.005"/>
  <testcase classname="TestNGDemo.TestNGDemo.CurrentAccountTestClass2" name="test2" time="0.01"/>
</testsuite> <!-- CurrentAccount -->
