<?xml version="1.0" encoding="UTF-8"?>
<!-- Generated by org.testng.reporters.JUnitXMLReporter -->
<testsuite ignored="4" hostname="DESKTOP-QM3NAMO" failures="0" tests="2" name="Test" time="0.132" errors="0" timestamp="2024-05-06T17:24:23 IST">
  <testcase classname="TestNGDemo.TestNGDemo.LoanDepartment" name="MobileLoginAutomobilelLoan" time="0.015"/>
  <testcase classname="TestNGDemo.TestNGDemo.LoanDepartment" name="MobileLoginPersonalLoan" time="0.012"/>
  <testcase classname="TestNGDemo.TestNGDemo.LoanDepartment" name="APILoginPersonalLoan" time="0.0">
    <ignored/>
  </testcase> <!-- APILoginPersonalLoan -->
  <testcase classname="TestNGDemo.TestNGDemo.LoanDepartment" name="WebLoginAutomobilelLoan" time="0.0">
    <ignored/>
  </testcase> <!-- WebLoginAutomobilelLoan -->
  <testcase classname="TestNGDemo.TestNGDemo.LoanDepartment" name="WebLoginPersonalLoan" time="0.0">
    <ignored/>
  </testcase> <!-- WebLoginPersonalLoan -->
  <testcase classname="TestNGDemo.TestNGDemo.LoanDepartment" name="APILoginAutomobilelLoan" time="0.0">
    <ignored/>
  </testcase> <!-- APILoginAutomobilelLoan -->
</testsuite> <!-- Test -->
